<?xml version="1.0" encoding="UTF-8"?>
<!-- Generated by org.testng.reporters.JUnitReportReporter -->
<testsuite hostname="C83160" name="com.webdriver.test.SeleniumGridTest" tests="3" failures="0" timestamp="9 Aug 2017 18:45:14 GMT" time="27.873" errors="0">
  <testcase name="crossbrowsertest" time="2.625" classname="com.webdriver.test.SeleniumGridTest"/>
  <testcase name="crossbrowsertest" time="4.683" classname="com.webdriver.test.SeleniumGridTest"/>
  <testcase name="crossbrowsertest" time="20.565" classname="com.webdriver.test.SeleniumGridTest"/>
</testsuite> <!-- com.webdriver.test.SeleniumGridTest -->
