<?xml version="1.0" encoding="UTF-8"?>
<!-- Generated by org.testng.reporters.JUnitReportReporter -->
<testsuite hostname="C83160" name="com.webdriver.test.FirefoxTest" tests="1" failures="0" timestamp="25 Jul 2017 23:17:57 GMT" time="1.973" errors="0">
  <testcase name="crossBrowserTest" time="1.973" classname="com.webdriver.test.FirefoxTest"/>
</testsuite> <!-- com.webdriver.test.FirefoxTest -->
