<?xml version="1.0" encoding="UTF-8"?>
<!-- Generated by org.testng.reporters.JUnitReportReporter -->
<testsuite hostname="C83160" name="com.webdriver.test.CrossBrowserTest" tests="3" failures="0" timestamp="7 Aug 2017 04:13:30 GMT" time="8.406" errors="0">
  <testcase name="crossbrowsertest" time="1.963" classname="com.webdriver.test.CrossBrowserTest"/>
  <testcase name="crossbrowsertest" time="3.658" classname="com.webdriver.test.CrossBrowserTest"/>
  <testcase name="crossbrowsertest" time="2.785" classname="com.webdriver.test.CrossBrowserTest"/>
</testsuite> <!-- com.webdriver.test.CrossBrowserTest -->
