<?xml version="1.0" encoding="UTF-8"?>
<!-- Generated by org.testng.reporters.JUnitReportReporter -->
<testsuite hostname="C83160" name="com.webdriver.test.ChromeTest" tests="1" failures="0" timestamp="25 Jul 2017 21:08:36 GMT" time="2.370" errors="0">
  <testcase name="crossBrowserTest" time="2.370" classname="com.webdriver.test.ChromeTest"/>
</testsuite> <!-- com.webdriver.test.ChromeTest -->
