<?xml version="1.0" encoding="UTF-8"?>
<!-- Generated by org.testng.reporters.JUnitReportReporter -->
<testsuite hostname="C83160" name="com.webdriver.test.IExplorerTest" tests="1" failures="0" timestamp="25 Jul 2017 21:08:36 GMT" time="1.321" errors="0">
  <testcase name="crossBrowserTest" time="1.321" classname="com.webdriver.test.IExplorerTest"/>
</testsuite> <!-- com.webdriver.test.IExplorerTest -->
